{"numTotalTestSuites":8,"numPassedTestSuites":8,"numFailedTestSuites":0,"numPendingTestSuites":0,"numTotalTests":26,"numPassedTests":26,"numFailedTests":0,"numPendingTests":0,"numTodoTests":0,"snapshot":{"added":0,"failure":false,"filesAdded":0,"filesRemoved":0,"filesRemovedList":[],"filesUnmatched":0,"filesUpdated":0,"matched":0,"total":0,"unchecked":0,"uncheckedKeysByFile":[],"unmatched":0,"updated":0,"didUpdate":false},"startTime":1768660374724,"success":true,"testResults":[{"assertionResults":[{"ancestorTitles":["Dictionary Tests"],"fullName":"Dictionary Tests should have 30 flashcards","status":"passed","title":"should have 30 flashcards","duration":1.4124000000001615,"failureMessages":[],"meta":{}},{"ancestorTitles":["Dictionary Tests"],"fullName":"Dictionary Tests should have flashcards with required properties","status":"passed","title":"should have flashcards with required properties","duration":5.070500000000266,"failureMessages":[],"meta":{}},{"ancestorTitles":["Dictionary Tests"],"fullName":"Dictionary Tests should have 10 Food cards","status":"passed","title":"should have 10 Food cards","duration":0.38220000000001164,"failureMessages":[],"meta":{}},{"ancestorTitles":["Dictionary Tests"],"fullName":"Dictionary Tests should have 10 Animals cards","status":"passed","title":"should have 10 Animals cards","duration":0.2213000000001557,"failureMessages":[],"meta":{}},{"ancestorTitles":["Dictionary Tests"],"fullName":"Dictionary Tests should have 10 Verbs cards","status":"passed","title":"should have 10 Verbs cards","duration":0.20650000000023283,"failureMessages":[],"meta":{}},{"ancestorTitles":["Dictionary Tests"],"fullName":"Dictionary Tests should have unique IDs for all cards","status":"passed","title":"should have unique IDs for all cards","duration":0.1853000000000975,"failureMessages":[],"meta":{}}],"startTime":1768660377036,"endTime":1768660377043.2212,"status":"passed","message":"","name":"C:/Users/filip/Documents/Learning/Cursor/Flashcard_app/src/__tests__/dictionary.test.ts"},{"assertionResults":[{"ancestorTitles":["Flashcard Component"],"fullName":"Flashcard Component should display Spanish word initially","status":"passed","title":"should display Spanish word initially","duration":37.66159999999991,"failureMessages":[],"meta":{}},{"ancestorTitles":["Flashcard Component"],"fullName":"Flashcard Component should toggle to English when clicked","status":"passed","title":"should toggle to English when clicked","duration":228.28489999999965,"failureMessages":[],"meta":{}},{"ancestorTitles":["Flashcard Component"],"fullName":"Flashcard Component should show assessment buttons after flip","status":"passed","title":"should show assessment buttons after flip","duration":5.518999999999778,"failureMessages":[],"meta":{}},{"ancestorTitles":["Flashcard Component"],"fullName":"Flashcard Component should hide assessment buttons before flip","status":"passed","title":"should hide assessment buttons before flip","duration":3.1900000000000546,"failureMessages":[],"meta":{}},{"ancestorTitles":["Flashcard Component"],"fullName":"Flashcard Component should call onAnswer with correct value when button clicked","status":"passed","title":"should call onAnswer with correct value when button clicked","duration":8.582699999999932,"failureMessages":[],"meta":{}},{"ancestorTitles":["Flashcard Component"],"fullName":"Flashcard Component should call onNext after answering","status":"passed","title":"should call onNext after answering","duration":4.657600000000002,"failureMessages":[],"meta":{}}],"startTime":1768660377079,"endTime":1768660377366.6577,"status":"passed","message":"","name":"C:/Users/filip/Documents/Learning/Cursor/Flashcard_app/src/__tests__/Flashcard.test.tsx"},{"assertionResults":[{"ancestorTitles":["QuizView Component"],"fullName":"QuizView Component should display Spanish word","status":"passed","title":"should display Spanish word","duration":36.9052999999999,"failureMessages":[],"meta":{}},{"ancestorTitles":["QuizView Component"],"fullName":"QuizView Component should display 4 options for multiple choice","status":"passed","title":"should display 4 options for multiple choice","duration":232.79860000000008,"failureMessages":[],"meta":{}},{"ancestorTitles":["QuizView Component"],"fullName":"QuizView Component should include correct answer in options","status":"passed","title":"should include correct answer in options","duration":4.157100000000355,"failureMessages":[],"meta":{}},{"ancestorTitles":["QuizView Component"],"fullName":"QuizView Component should show feedback immediately after selection","status":"passed","title":"should show feedback immediately after selection","duration":20.64529999999968,"failureMessages":[],"meta":{}},{"ancestorTitles":["QuizView Component"],"fullName":"QuizView Component should randomize option order","status":"passed","title":"should randomize option order","duration":72.9400999999998,"failureMessages":[],"meta":{}}],"startTime":1768660377073,"endTime":1768660377440.9402,"status":"passed","message":"","name":"C:/Users/filip/Documents/Learning/Cursor/Flashcard_app/src/__tests__/QuizView.test.tsx"},{"assertionResults":[{"ancestorTitles":["Storage Utilities"],"fullName":"Storage Utilities should load empty progress when nothing is stored","status":"passed","title":"should load empty progress when nothing is stored","duration":2.263300000000072,"failureMessages":[],"meta":{}},{"ancestorTitles":["Storage Utilities"],"fullName":"Storage Utilities should save and load user progress","status":"passed","title":"should save and load user progress","duration":1.2507000000000517,"failureMessages":[],"meta":{}},{"ancestorTitles":["Storage Utilities"],"fullName":"Storage Utilities should update card progress correctly","status":"passed","title":"should update card progress correctly","duration":0.7137000000002445,"failureMessages":[],"meta":{}},{"ancestorTitles":["Storage Utilities"],"fullName":"Storage Utilities should mark card as mastered after 3 correct answers","status":"passed","title":"should mark card as mastered after 3 correct answers","duration":0.34130000000004657,"failureMessages":[],"meta":{}},{"ancestorTitles":["Storage Utilities"],"fullName":"Storage Utilities should load empty wrong cards list when nothing is stored","status":"passed","title":"should load empty wrong cards list when nothing is stored","duration":0.2681999999999789,"failureMessages":[],"meta":{}},{"ancestorTitles":["Storage Utilities"],"fullName":"Storage Utilities should add and load wrong cards","status":"passed","title":"should add and load wrong cards","duration":1.2822000000001026,"failureMessages":[],"meta":{}},{"ancestorTitles":["Storage Utilities"],"fullName":"Storage Utilities should not add duplicate wrong cards","status":"passed","title":"should not add duplicate wrong cards","duration":0.2319999999999709,"failureMessages":[],"meta":{}},{"ancestorTitles":["Storage Utilities"],"fullName":"Storage Utilities should remove wrong card","status":"passed","title":"should remove wrong card","duration":0.45289999999977226,"failureMessages":[],"meta":{}},{"ancestorTitles":["Storage Utilities"],"fullName":"Storage Utilities should clear all wrong cards","status":"passed","title":"should clear all wrong cards","duration":0.25520000000005894,"failureMessages":[],"meta":{}}],"startTime":1768660377054,"endTime":1768660377061.2551,"status":"passed","message":"","name":"C:/Users/filip/Documents/Learning/Cursor/Flashcard_app/src/__tests__/storage.test.ts"}]}